2015-04-29 11:42:14,773 ERROR [WsdlSubmit] Exception in request: java.net.UnknownHostException: http
2015-04-29 11:42:14,828 ERROR [errorlog] java.net.UnknownHostException: http
java.net.UnknownHostException: http
	at java.net.Inet6AddressImpl.lookupAllHostAddr(Native Method)
	at java.net.InetAddress$1.lookupAllHostAddr(InetAddress.java:849)
	at java.net.InetAddress.getAddressFromNameService(InetAddress.java:1183)
	at java.net.InetAddress.getAllByName0(InetAddress.java:1136)
	at java.net.InetAddress.getAllByName0(InetAddress.java:1109)
	at java.net.InetAddress.getAllByName(InetAddress.java:1072)
	at org.apache.http.impl.conn.DefaultClientConnectionOperator.resolveHostname(DefaultClientConnectionOperator.java:242)
	at com.eviware.soapui.impl.wsdl.support.http.SoapUIMultiThreadedHttpConnectionManager$SoapUIClientConnectionOperator.openConnection(SoapUIMultiThreadedHttpConnectionManager.java:274)
	at org.apache.http.impl.conn.AbstractPoolEntry.open(AbstractPoolEntry.java:149)
	at org.apache.http.impl.conn.AbstractPooledConnAdapter.open(AbstractPooledConnAdapter.java:121)
	at org.apache.http.impl.client.DefaultRequestDirector.tryConnect(DefaultRequestDirector.java:561)
	at org.apache.http.impl.client.DefaultRequestDirector.execute(DefaultRequestDirector.java:415)
	at org.apache.http.impl.client.AbstractHttpClient.execute(AbstractHttpClient.java:820)
	at org.apache.http.impl.client.AbstractHttpClient.execute(AbstractHttpClient.java:754)
	at com.eviware.soapui.impl.wsdl.support.http.HttpClientSupport$Helper.execute(HttpClientSupport.java:238)
	at com.eviware.soapui.impl.wsdl.support.http.HttpClientSupport.execute(HttpClientSupport.java:348)
	at com.eviware.soapui.impl.wsdl.submit.transports.http.HttpClientRequestTransport.submitRequest(HttpClientRequestTransport.java:318)
	at com.eviware.soapui.impl.wsdl.submit.transports.http.HttpClientRequestTransport.sendRequest(HttpClientRequestTransport.java:232)
	at com.eviware.soapui.impl.wsdl.WsdlSubmit.run(WsdlSubmit.java:123)
	at com.eviware.soapui.impl.wsdl.WsdlSubmit.submitRequest(WsdlSubmit.java:76)
	at com.eviware.soapui.impl.rest.RestRequest.submit(RestRequest.java:220)
	at com.eviware.soapui.impl.wsdl.teststeps.RestTestRequestStep.run(RestTestRequestStep.java:900)
	at com.eviware.soapui.impl.wsdl.support.AbstractTestCaseRunner.runTestStep(AbstractTestCaseRunner.java:235)
	at com.eviware.soapui.impl.wsdl.testcase.WsdlTestCaseRunner.runCurrentTestStep(WsdlTestCaseRunner.java:48)
	at com.eviware.soapui.impl.wsdl.support.AbstractTestCaseRunner.internalRun(AbstractTestCaseRunner.java:148)
	at com.eviware.soapui.impl.wsdl.support.AbstractTestCaseRunner.internalRun(AbstractTestCaseRunner.java:43)
	at com.eviware.soapui.impl.wsdl.support.AbstractTestRunner.run(AbstractTestRunner.java:135)
	at java.util.concurrent.Executors$RunnableAdapter.call(Executors.java:441)
	at java.util.concurrent.FutureTask$Sync.innerRun(FutureTask.java:303)
	at java.util.concurrent.FutureTask.run(FutureTask.java:138)
	at java.util.concurrent.ThreadPoolExecutor$Worker.runTask(ThreadPoolExecutor.java:885)
	at java.util.concurrent.ThreadPoolExecutor$Worker.run(ThreadPoolExecutor.java:907)
	at java.lang.Thread.run(Thread.java:619)
